Unity Editor version:    2020.3.27f1 (e759542391ea)
Branch:                  2020.3/release
Build type:              Release
Batch mode:              YES
macOS version:           Version 11.6 (Build 20G165)
Darwin version:          20.6.0
Architecture:            x86_64
Running under Rosetta:   NO
Available memory:        16384 MB
Using pre-set license
Pro License: NO

COMMAND LINE ARGUMENTS:
/var/folders/9b/thq_92613694g0y93dkflhcw0000gv/T/AppTranslocation/362AC5A8-324A-41A7-BD40-1DD3DC6E96E8/d/Unity.app/Contents/MacOS/Unity
-adb2
-batchMode
-noUpm
-name
AssetImportWorker0
-projectPath
/Users/game56/Documents/GitHub/Brainrot-Racing-Battle
-logFile
Logs/AssetImportWorker0.log
-srvPort
49455
Successfully changed project path to: /Users/game56/Documents/GitHub/Brainrot-Racing-Battle
/Users/game56/Documents/GitHub/Brainrot-Racing-Battle
Using Asset Import Pipeline V2.
Error (Result too large) occured whilst enumerating /var/folders/9b/thq_92613694g0y93dkflhcw0000gv/T/AppTranslocation/362AC5A8-324A-41A7-BD40-1DD3DC6E96E8
Refreshing native plugins compatible for Editor in 25.07 ms, found 2 plugins.
Preloading 0 native plugins for Editor in 0.00 ms.
Initialize engine version: 2020.3.27f1 (e759542391ea)
[Subsystems] Discovering subsystems at path /var/folders/9b/thq_92613694g0y93dkflhcw0000gv/T/AppTranslocation/362AC5A8-324A-41A7-BD40-1DD3DC6E96E8/d/Unity.app/Contents/Resources/UnitySubsystems
[Subsystems] Discovering subsystems at path /Users/game56/Documents/GitHub/Brainrot-Racing-Battle/Assets
GfxDevice: creating device client; threaded=0
2026-01-08 13:40:23.215 Unity[1510:34968] iMac preferred device: AMD Radeon Pro 5500 XT (high power)
2026-01-08 13:40:23.215 Unity[1510:34968] Metal devices available: 1
2026-01-08 13:40:23.215 Unity[1510:34968] 0: AMD Radeon Pro 5500 XT (high power)
2026-01-08 13:40:23.216 Unity[1510:34968] Using device AMD Radeon Pro 5500 XT (high power)
Initializing Metal device caps: AMD Radeon Pro 5500 XT
Initialize mono
Mono path[0] = '/var/folders/9b/thq_92613694g0y93dkflhcw0000gv/T/AppTranslocation/362AC5A8-324A-41A7-BD40-1DD3DC6E96E8/d/Unity.app/Contents/Managed'
Mono path[1] = '/var/folders/9b/thq_92613694g0y93dkflhcw0000gv/T/AppTranslocation/362AC5A8-324A-41A7-BD40-1DD3DC6E96E8/d/Unity.app/Contents/MonoBleedingEdge/lib/mono/unityjit'
Mono config path = '/var/folders/9b/thq_92613694g0y93dkflhcw0000gv/T/AppTranslocation/362AC5A8-324A-41A7-BD40-1DD3DC6E96E8/d/Unity.app/Contents/MonoBleedingEdge/etc'
Using monoOptions --debugger-agent=transport=dt_socket,embedding=1,server=y,suspend=n,address=127.0.0.1:56510
Begin MonoManager ReloadAssembly
Registering precompiled unity dll's ...
Register platform support module: /var/folders/9b/thq_92613694g0y93dkflhcw0000gv/T/AppTranslocation/362AC5A8-324A-41A7-BD40-1DD3DC6E96E8/d/Unity.app/Contents/PlaybackEngines/MacStandaloneSupport/UnityEditor.OSXStandalone.Extensions.dll
Registered in 0.000542 seconds.
Native extension for OSXStandalone target not found
Refreshing native plugins compatible for Editor in 24.06 ms, found 2 plugins.
Preloading 0 native plugins for Editor in 0.00 ms.
Mono: successfully reloaded assembly
- Completed reload, in  0.498 seconds
Domain Reload Profiling:
	ReloadAssembly (498ms)
		BeginReloadAssembly (35ms)
			ExecutionOrderSort (0ms)
			DisableScriptedObjects (0ms)
			BackupInstance (0ms)
			ReleaseScriptingObjects (0ms)
			CreateAndSetChildDomain (1ms)
		EndReloadAssembly (399ms)
			LoadAssemblies (34ms)
			RebuildTransferFunctionScriptingTraits (0ms)
			SetupTypeCache (150ms)
			ReleaseScriptCaches (0ms)
			RebuildScriptCaches (31ms)
			SetupLoadedEditorAssemblies (147ms)
				LogAssemblyErrors (0ms)
				InitializePlatformSupportModulesInManaged (4ms)
				SetLoadedEditorAssemblies (0ms)
				RefreshPlugins (24ms)
				BeforeProcessingInitializeOnLoad (7ms)
				ProcessInitializeOnLoadAttributes (87ms)
				ProcessInitializeOnLoadMethodAttributes (25ms)
				AfterProcessingInitializeOnLoad (0ms)
				EditorAssembliesLoaded (0ms)
			ExecutionOrderSort2 (0ms)
			AwakeInstancesAfterBackupRestoration (0ms)
Platform modules already initialized, skipping
Registering precompiled user dll's ...
Registered in 0.001543 seconds.
Begin MonoManager ReloadAssembly
Native extension for OSXStandalone target not found
Refreshing native plugins compatible for Editor in 0.31 ms, found 2 plugins.
Preloading 0 native plugins for Editor in 0.00 ms.
Mono: successfully reloaded assembly
- Completed reload, in  0.933 seconds
Domain Reload Profiling:
	ReloadAssembly (935ms)
		BeginReloadAssembly (135ms)
			ExecutionOrderSort (0ms)
			DisableScriptedObjects (4ms)
			BackupInstance (0ms)
			ReleaseScriptingObjects (0ms)
			CreateAndSetChildDomain (29ms)
		EndReloadAssembly (745ms)
			LoadAssemblies (64ms)
			RebuildTransferFunctionScriptingTraits (0ms)
			SetupTypeCache (279ms)
			ReleaseScriptCaches (0ms)
			RebuildScriptCaches (49ms)
			SetupLoadedEditorAssemblies (258ms)
				LogAssemblyErrors (0ms)
				InitializePlatformSupportModulesInManaged (4ms)
				SetLoadedEditorAssemblies (0ms)
				RefreshPlugins (0ms)
				BeforeProcessingInitializeOnLoad (42ms)
				ProcessInitializeOnLoadAttributes (202ms)
				ProcessInitializeOnLoadMethodAttributes (8ms)
				AfterProcessingInitializeOnLoad (1ms)
				EditorAssembliesLoaded (0ms)
			ExecutionOrderSort2 (0ms)
			AwakeInstancesAfterBackupRestoration (6ms)
Platform modules already initialized, skipping
Validating Project structure ... 0.002813 seconds.
Shader import version has changed; will reimport all shaders...
Upgrading shader files ...0.010791 seconds.
Application.AssetDatabase Initial Script Refresh Start
RefreshInfo: InitialScriptRefreshV2(NoUpdateAssetOptions) scanfilter:  ... 1 filters
RefreshProfiler: Total: 0.000ms
Application.AssetDatabase Initial Script Refresh End
Application.AssetDatabase.Refresh Start
Application.AssetDatabase.Refresh End
RefreshInfo: StopAssetImportingV2(ForceSynchronousImport) scanfilter: 
RefreshProfiler: Total: 0.000ms
Launching external process: /var/folders/9b/thq_92613694g0y93dkflhcw0000gv/T/AppTranslocation/362AC5A8-324A-41A7-BD40-1DD3DC6E96E8/d/Unity.app/Contents/Tools/UnityShaderCompiler
Launched and connected shader compiler UnityShaderCompiler after 0.01 seconds
Initializing Unity extensions:
========================================================================
Worker process is ready to serve import requests
Refreshing native plugins compatible for Editor in 0.25 ms, found 2 plugins.
Preloading 0 native plugins for Editor in 0.00 ms.
Unloading 1681 Unused Serialized files (Serialized files now loaded: 0)
System memory in use before: 187.6 MB.
System memory in use after: 186.7 MB.

Unloading 139 unused Assets to reduce memory usage. Loaded Objects now: 2153.
Total: 2.547771 ms (FindLiveObjects: 0.121882 ms CreateObjectMapping: 0.049340 ms MarkObjects: 1.975638 ms  DeleteObjects: 0.400283 ms)

AssetImportParameters requested are different than current active one (requested -> active):
  custom:video-decoder-ogg-theora: a1e56fd34408186e4bbccfd4996cb3dc -> 
  custom:container-muxer-webm: aa71ff27fc2769a1b78a27578f13a17b -> 
  custom:container-demuxer-webm: 4f35f7cbe854078d1ac9338744f61a02 -> 
  custom:container-demuxer-ogg: 62fdf1f143b41e24485cea50d1cbac27 -> 
  custom:video-encoder-webm-vp8: eb34c28f22e8b96e1ab97ce403110664 -> 
  custom:framework-osx-AVFoundation: e770b220cccbd017edd2c1fefb359320 -> 
  custom:video-decoder-webm-vp8: 9c59270c3fd7afecdb556c50c9e8de78 -> 
  custom:audio-decoder-ogg-vorbis: bf7c407c2cedff20999df2af8eb42d56 -> 
  custom:audio-encoder-webm-vorbis: bf7c407c2cedff20999df2af8eb42d56 -> 
========================================================================
Received Import Request.
  path: Assets/Scenes/Test Level.unity
  artifactKey: Guid(4cdbf1e52fc654c3793b6cad6334cd73) Importer(815301076,1909f56bfc062723c751e8b465ee728b)
Start importing Assets/Scenes/Test Level.unity using Guid(4cdbf1e52fc654c3793b6cad6334cd73) Importer(815301076,1909f56bfc062723c751e8b465ee728b)  -> (artifact id: 'edf78aa1a6428f795397117589a49db8') in 0.009317 seconds 
  Import took 0.011226 seconds .

========================================================================
Received Prepare
Refreshing native plugins compatible for Editor in 1.57 ms, found 2 plugins.
Preloading 0 native plugins for Editor in 0.00 ms.
Unloading 12 Unused Serialized files (Serialized files now loaded: 0)
System memory in use before: 151.8 MB.
System memory in use after: 151.9 MB.

Unloading 12 unused Assets to reduce memory usage. Loaded Objects now: 2153.
Total: 2.452465 ms (FindLiveObjects: 0.106643 ms CreateObjectMapping: 0.042846 ms MarkObjects: 2.294887 ms  DeleteObjects: 0.007638 ms)

AssetImportParameters requested are different than current active one (requested -> active):
  custom:video-decoder-ogg-theora: a1e56fd34408186e4bbccfd4996cb3dc -> 
  custom:container-muxer-webm: aa71ff27fc2769a1b78a27578f13a17b -> 
  custom:container-demuxer-webm: 4f35f7cbe854078d1ac9338744f61a02 -> 
  custom:container-demuxer-ogg: 62fdf1f143b41e24485cea50d1cbac27 -> 
  custom:video-encoder-webm-vp8: eb34c28f22e8b96e1ab97ce403110664 -> 
  custom:framework-osx-AVFoundation: e770b220cccbd017edd2c1fefb359320 -> 
  custom:video-decoder-webm-vp8: 9c59270c3fd7afecdb556c50c9e8de78 -> 
  custom:audio-decoder-ogg-vorbis: bf7c407c2cedff20999df2af8eb42d56 -> 
  custom:audio-encoder-webm-vorbis: bf7c407c2cedff20999df2af8eb42d56 -> 
========================================================================
Received Import Request.
  Time since last request: 3.057970 seconds.
  path: Assets/Scenes/Test Level.unity
  artifactKey: Guid(4cdbf1e52fc654c3793b6cad6334cd73) Importer(815301076,1909f56bfc062723c751e8b465ee728b)
Start importing Assets/Scenes/Test Level.unity using Guid(4cdbf1e52fc654c3793b6cad6334cd73) Importer(815301076,1909f56bfc062723c751e8b465ee728b)  -> (artifact id: '069c1739f1705fb18c548297e552a8c8') in 0.002181 seconds 
  Import took 0.004375 seconds .

========================================================================
Received Prepare
Registering precompiled user dll's ...
Registered in 0.001569 seconds.
Begin MonoManager ReloadAssembly
Native extension for OSXStandalone target not found
Refreshing native plugins compatible for Editor in 0.43 ms, found 2 plugins.
Preloading 0 native plugins for Editor in 0.00 ms.
Mono: successfully reloaded assembly
- Completed reload, in  0.906 seconds
Domain Reload Profiling:
	ReloadAssembly (907ms)
		BeginReloadAssembly (103ms)
			ExecutionOrderSort (0ms)
			DisableScriptedObjects (4ms)
			BackupInstance (0ms)
			ReleaseScriptingObjects (0ms)
			CreateAndSetChildDomain (47ms)
		EndReloadAssembly (748ms)
			LoadAssemblies (60ms)
			RebuildTransferFunctionScriptingTraits (0ms)
			SetupTypeCache (273ms)
			ReleaseScriptCaches (1ms)
			RebuildScriptCaches (41ms)
			SetupLoadedEditorAssemblies (277ms)
				LogAssemblyErrors (0ms)
				InitializePlatformSupportModulesInManaged (9ms)
				SetLoadedEditorAssemblies (1ms)
				RefreshPlugins (0ms)
				BeforeProcessingInitializeOnLoad (74ms)
				ProcessInitializeOnLoadAttributes (183ms)
				ProcessInitializeOnLoadMethodAttributes (7ms)
				AfterProcessingInitializeOnLoad (1ms)
				EditorAssembliesLoaded (0ms)
			ExecutionOrderSort2 (0ms)
			AwakeInstancesAfterBackupRestoration (6ms)
Platform modules already initialized, skipping
Refreshing native plugins compatible for Editor in 0.29 ms, found 2 plugins.
Preloading 0 native plugins for Editor in 0.00 ms.
Unloading 1658 Unused Serialized files (Serialized files now loaded: 0)
System memory in use before: 186.0 MB.
System memory in use after: 186.1 MB.

Unloading 16 unused Assets to reduce memory usage. Loaded Objects now: 2156.
Total: 2.038386 ms (FindLiveObjects: 0.103311 ms CreateObjectMapping: 0.042782 ms MarkObjects: 1.881494 ms  DeleteObjects: 0.010211 ms)

AssetImportParameters requested are different than current active one (requested -> active):
  custom:video-decoder-ogg-theora: a1e56fd34408186e4bbccfd4996cb3dc -> 
  custom:container-muxer-webm: aa71ff27fc2769a1b78a27578f13a17b -> 
  custom:container-demuxer-webm: 4f35f7cbe854078d1ac9338744f61a02 -> 
  custom:container-demuxer-ogg: 62fdf1f143b41e24485cea50d1cbac27 -> 
  custom:video-encoder-webm-vp8: eb34c28f22e8b96e1ab97ce403110664 -> 
  custom:framework-osx-AVFoundation: e770b220cccbd017edd2c1fefb359320 -> 
  custom:video-decoder-webm-vp8: 9c59270c3fd7afecdb556c50c9e8de78 -> 
  custom:audio-decoder-ogg-vorbis: bf7c407c2cedff20999df2af8eb42d56 -> 
  custom:audio-encoder-webm-vorbis: bf7c407c2cedff20999df2af8eb42d56 -> 
========================================================================
Received Prepare
Registering precompiled user dll's ...
Registered in 0.001625 seconds.
Begin MonoManager ReloadAssembly
Native extension for OSXStandalone target not found
Refreshing native plugins compatible for Editor in 0.30 ms, found 2 plugins.
Preloading 0 native plugins for Editor in 0.00 ms.
Mono: successfully reloaded assembly
- Completed reload, in  0.890 seconds
Domain Reload Profiling:
	ReloadAssembly (890ms)
		BeginReloadAssembly (98ms)
			ExecutionOrderSort (0ms)
			DisableScriptedObjects (4ms)
			BackupInstance (0ms)
			ReleaseScriptingObjects (0ms)
			CreateAndSetChildDomain (45ms)
		EndReloadAssembly (739ms)
			LoadAssemblies (59ms)
			RebuildTransferFunctionScriptingTraits (0ms)
			SetupTypeCache (271ms)
			ReleaseScriptCaches (1ms)
			RebuildScriptCaches (41ms)
			SetupLoadedEditorAssemblies (270ms)
				LogAssemblyErrors (0ms)
				InitializePlatformSupportModulesInManaged (3ms)
				SetLoadedEditorAssemblies (0ms)
				RefreshPlugins (0ms)
				BeforeProcessingInitializeOnLoad (73ms)
				ProcessInitializeOnLoadAttributes (183ms)
				ProcessInitializeOnLoadMethodAttributes (7ms)
				AfterProcessingInitializeOnLoad (1ms)
				EditorAssembliesLoaded (0ms)
			ExecutionOrderSort2 (0ms)
			AwakeInstancesAfterBackupRestoration (6ms)
Platform modules already initialized, skipping
Refreshing native plugins compatible for Editor in 0.28 ms, found 2 plugins.
Preloading 0 native plugins for Editor in 0.00 ms.
Unloading 1658 Unused Serialized files (Serialized files now loaded: 0)
System memory in use before: 186.2 MB.
System memory in use after: 186.3 MB.

Unloading 15 unused Assets to reduce memory usage. Loaded Objects now: 2158.
Total: 2.039374 ms (FindLiveObjects: 0.101307 ms CreateObjectMapping: 0.040338 ms MarkObjects: 1.887142 ms  DeleteObjects: 0.009899 ms)

AssetImportParameters requested are different than current active one (requested -> active):
  custom:video-decoder-ogg-theora: a1e56fd34408186e4bbccfd4996cb3dc -> 
  custom:container-muxer-webm: aa71ff27fc2769a1b78a27578f13a17b -> 
  custom:container-demuxer-webm: 4f35f7cbe854078d1ac9338744f61a02 -> 
  custom:container-demuxer-ogg: 62fdf1f143b41e24485cea50d1cbac27 -> 
  custom:video-encoder-webm-vp8: eb34c28f22e8b96e1ab97ce403110664 -> 
  custom:framework-osx-AVFoundation: e770b220cccbd017edd2c1fefb359320 -> 
  custom:video-decoder-webm-vp8: 9c59270c3fd7afecdb556c50c9e8de78 -> 
  custom:audio-decoder-ogg-vorbis: bf7c407c2cedff20999df2af8eb42d56 -> 
  custom:audio-encoder-webm-vorbis: bf7c407c2cedff20999df2af8eb42d56 -> 
========================================================================
Received Prepare
Registering precompiled user dll's ...
Registered in 0.001516 seconds.
Begin MonoManager ReloadAssembly
Native extension for OSXStandalone target not found
Refreshing native plugins compatible for Editor in 0.31 ms, found 2 plugins.
Preloading 0 native plugins for Editor in 0.00 ms.
Mono: successfully reloaded assembly
- Completed reload, in  0.883 seconds
Domain Reload Profiling:
	ReloadAssembly (883ms)
		BeginReloadAssembly (100ms)
			ExecutionOrderSort (0ms)
			DisableScriptedObjects (4ms)
			BackupInstance (0ms)
			ReleaseScriptingObjects (0ms)
			CreateAndSetChildDomain (47ms)
		EndReloadAssembly (730ms)
			LoadAssemblies (59ms)
			RebuildTransferFunctionScriptingTraits (0ms)
			SetupTypeCache (271ms)
			ReleaseScriptCaches (1ms)
			RebuildScriptCaches (40ms)
			SetupLoadedEditorAssemblies (264ms)
				LogAssemblyErrors (0ms)
				InitializePlatformSupportModulesInManaged (3ms)
				SetLoadedEditorAssemblies (0ms)
				RefreshPlugins (0ms)
				BeforeProcessingInitializeOnLoad (73ms)
				ProcessInitializeOnLoadAttributes (178ms)
				ProcessInitializeOnLoadMethodAttributes (7ms)
				AfterProcessingInitializeOnLoad (1ms)
				EditorAssembliesLoaded (0ms)
			ExecutionOrderSort2 (0ms)
			AwakeInstancesAfterBackupRestoration (6ms)
Platform modules already initialized, skipping
Refreshing native plugins compatible for Editor in 0.29 ms, found 2 plugins.
Preloading 0 native plugins for Editor in 0.00 ms.
Unloading 1658 Unused Serialized files (Serialized files now loaded: 0)
System memory in use before: 186.4 MB.
System memory in use after: 186.5 MB.

Unloading 15 unused Assets to reduce memory usage. Loaded Objects now: 2160.
Total: 2.215939 ms (FindLiveObjects: 0.105436 ms CreateObjectMapping: 0.042479 ms MarkObjects: 2.056257 ms  DeleteObjects: 0.011187 ms)

AssetImportParameters requested are different than current active one (requested -> active):
  custom:video-decoder-ogg-theora: a1e56fd34408186e4bbccfd4996cb3dc -> 
  custom:container-muxer-webm: aa71ff27fc2769a1b78a27578f13a17b -> 
  custom:container-demuxer-webm: 4f35f7cbe854078d1ac9338744f61a02 -> 
  custom:container-demuxer-ogg: 62fdf1f143b41e24485cea50d1cbac27 -> 
  custom:video-encoder-webm-vp8: eb34c28f22e8b96e1ab97ce403110664 -> 
  custom:framework-osx-AVFoundation: e770b220cccbd017edd2c1fefb359320 -> 
  custom:video-decoder-webm-vp8: 9c59270c3fd7afecdb556c50c9e8de78 -> 
  custom:audio-decoder-ogg-vorbis: bf7c407c2cedff20999df2af8eb42d56 -> 
  custom:audio-encoder-webm-vorbis: bf7c407c2cedff20999df2af8eb42d56 -> 
========================================================================
Received Import Request.
  Time since last request: 767.133504 seconds.
  path: Assets/Scenes/Amaury Car Driving Scene 1.unity
  artifactKey: Guid(5c6ce2d51e30d4096b2c76c31dbc1ff0) Importer(815301076,1909f56bfc062723c751e8b465ee728b)
Start importing Assets/Scenes/Amaury Car Driving Scene 1.unity using Guid(5c6ce2d51e30d4096b2c76c31dbc1ff0) Importer(815301076,1909f56bfc062723c751e8b465ee728b)  -> (artifact id: 'bdcca2e3881e065195874f7a6253933f') in 0.009141 seconds 
  Import took 0.011227 seconds .

========================================================================
Received Import Request.
  Time since last request: 45.928490 seconds.
  path: Assets/Scenes/Amaury Car Driving Scene.unity
  artifactKey: Guid(681d8fc441cfd41be83017375d796780) Importer(815301076,1909f56bfc062723c751e8b465ee728b)
Start importing Assets/Scenes/Amaury Car Driving Scene.unity using Guid(681d8fc441cfd41be83017375d796780) Importer(815301076,1909f56bfc062723c751e8b465ee728b)  -> (artifact id: '698bf0c6fd949bdede49684c9e83bbe4') in 0.001256 seconds 
  Import took 0.003374 seconds .

========================================================================
Received Import Request.
  Time since last request: 350.390918 seconds.
  path: Assets/Scenes/Test Level.unity
  artifactKey: Guid(4cdbf1e52fc654c3793b6cad6334cd73) Importer(815301076,1909f56bfc062723c751e8b465ee728b)
Start importing Assets/Scenes/Test Level.unity using Guid(4cdbf1e52fc654c3793b6cad6334cd73) Importer(815301076,1909f56bfc062723c751e8b465ee728b)  -> (artifact id: 'f040adb887a77f258e41f3be301a3ebb') in 0.002445 seconds 
  Import took 0.004825 seconds .

========================================================================
Received Prepare
Registering precompiled user dll's ...
Registered in 0.001529 seconds.
Begin MonoManager ReloadAssembly
Native extension for OSXStandalone target not found
Refreshing native plugins compatible for Editor in 0.47 ms, found 2 plugins.
Preloading 0 native plugins for Editor in 0.00 ms.
Mono: successfully reloaded assembly
- Completed reload, in  0.893 seconds
Domain Reload Profiling:
	ReloadAssembly (893ms)
		BeginReloadAssembly (97ms)
			ExecutionOrderSort (0ms)
			DisableScriptedObjects (4ms)
			BackupInstance (0ms)
			ReleaseScriptingObjects (0ms)
			CreateAndSetChildDomain (44ms)
		EndReloadAssembly (741ms)
			LoadAssemblies (59ms)
			RebuildTransferFunctionScriptingTraits (0ms)
			SetupTypeCache (272ms)
			ReleaseScriptCaches (1ms)
			RebuildScriptCaches (41ms)
			SetupLoadedEditorAssemblies (273ms)
				LogAssemblyErrors (0ms)
				InitializePlatformSupportModulesInManaged (3ms)
				SetLoadedEditorAssemblies (1ms)
				RefreshPlugins (1ms)
				BeforeProcessingInitializeOnLoad (74ms)
				ProcessInitializeOnLoadAttributes (185ms)
				ProcessInitializeOnLoadMethodAttributes (8ms)
				AfterProcessingInitializeOnLoad (1ms)
				EditorAssembliesLoaded (0ms)
			ExecutionOrderSort2 (0ms)
			AwakeInstancesAfterBackupRestoration (6ms)
Platform modules already initialized, skipping
Refreshing native plugins compatible for Editor in 0.31 ms, found 2 plugins.
Preloading 0 native plugins for Editor in 0.00 ms.
Unloading 1658 Unused Serialized files (Serialized files now loaded: 0)
System memory in use before: 186.5 MB.
System memory in use after: 186.7 MB.

Unloading 15 unused Assets to reduce memory usage. Loaded Objects now: 2162.
Total: 2.083540 ms (FindLiveObjects: 0.105208 ms CreateObjectMapping: 0.041511 ms MarkObjects: 1.925859 ms  DeleteObjects: 0.010384 ms)

AssetImportParameters requested are different than current active one (requested -> active):
  custom:video-decoder-ogg-theora: a1e56fd34408186e4bbccfd4996cb3dc -> 
  custom:container-muxer-webm: aa71ff27fc2769a1b78a27578f13a17b -> 
  custom:container-demuxer-webm: 4f35f7cbe854078d1ac9338744f61a02 -> 
  custom:container-demuxer-ogg: 62fdf1f143b41e24485cea50d1cbac27 -> 
  custom:video-encoder-webm-vp8: eb34c28f22e8b96e1ab97ce403110664 -> 
  custom:framework-osx-AVFoundation: e770b220cccbd017edd2c1fefb359320 -> 
  custom:video-decoder-webm-vp8: 9c59270c3fd7afecdb556c50c9e8de78 -> 
  custom:audio-decoder-ogg-vorbis: bf7c407c2cedff20999df2af8eb42d56 -> 
  custom:audio-encoder-webm-vorbis: bf7c407c2cedff20999df2af8eb42d56 -> 
========================================================================
Received Import Request.
  Time since last request: 422.518343 seconds.
  path: Assets/Models
  artifactKey: Guid(95ffa3cf052c74f0b95e54a6ecf54fc9) Importer(815301076,1909f56bfc062723c751e8b465ee728b)
Start importing Assets/Models using Guid(95ffa3cf052c74f0b95e54a6ecf54fc9) Importer(815301076,1909f56bfc062723c751e8b465ee728b)  -> (artifact id: '71de1661c73ea9b18c9b7e04b9ae50c3') in 0.003859 seconds 
  Import took 0.006076 seconds .

========================================================================
Received Import Request.
  Time since last request: 6.841843 seconds.
  path: Assets/Models/brr_brr
  artifactKey: Guid(eb4bf3bd83d9f4bb6b1ffb6b22f4e146) Importer(815301076,1909f56bfc062723c751e8b465ee728b)
Start importing Assets/Models/brr_brr using Guid(eb4bf3bd83d9f4bb6b1ffb6b22f4e146) Importer(815301076,1909f56bfc062723c751e8b465ee728b)  -> (artifact id: 'd6fd23e4355073b95eb8073a687e07d2') in 0.001641 seconds 
  Import took 0.003755 seconds .

========================================================================
Received Import Request.
  Time since last request: 0.059898 seconds.
  path: Assets/Models/brr_brr/tinker.obj
  artifactKey: Guid(8b8a583332dbb426e97ce80948e4f68f) Importer(815301076,1909f56bfc062723c751e8b465ee728b)
Start importing Assets/Models/brr_brr/tinker.obj using Guid(8b8a583332dbb426e97ce80948e4f68f) Importer(815301076,1909f56bfc062723c751e8b465ee728b)  -> (artifact id: 'ce65d336c289270f3a8b3a53286f4c3a') in 2.867747 seconds 
  Import took 2.877778 seconds .

========================================================================
Received Import Request.
  Time since last request: 15.948900 seconds.
  path: Assets/PROMETEO - Car Controller/Meshes/Prometheus.fbx
  artifactKey: Guid(2c403376ef1fe604d8de45d141d39b07) Importer(815301076,1909f56bfc062723c751e8b465ee728b)
Start importing Assets/PROMETEO - Car Controller/Meshes/Prometheus.fbx using Guid(2c403376ef1fe604d8de45d141d39b07) Importer(815301076,1909f56bfc062723c751e8b465ee728b)  -> (artifact id: 'e6b37a3f0e162da1a178de58effa9dca') in 0.590957 seconds 
  Import took 0.595468 seconds .

